
-------------------------------------------------------------------------------
Parsing project file - E:\Mods\DD_ronin\project.xml
Mod Data Directory = E:/Mods/DD_ronin/

Creating new item...
........Created

-------------------------------------------------------------------------------
Processing Map Files files...

-------------------------------------------------------------------------------
Running Localization...
Parsing localization/ronin.string_table.xml

Building Languages
Exporting .loc files

-------------------------------------------------------------------------------
Searching for preview icon file E:/Mods/DD_ronin/preview_icon.png...FOUND!
<UploadMode> - Set to direct_upload


-------------------------------------------------------------------------------
Modded files...

heroes/ronin/ronin_A/anim/ronin.sprite.afflicted.png
heroes/ronin/ronin_A/anim/ronin.sprite.attack_buff.png
heroes/ronin/ronin_A/anim/ronin.sprite.attack_charge.png
heroes/ronin/ronin_A/anim/ronin.sprite.attack_high.png
heroes/ronin/ronin_A/anim/ronin.sprite.attack_leap.png
heroes/ronin/ronin_A/anim/ronin.sprite.attack_low.png
heroes/ronin/ronin_A/anim/ronin.sprite.attack_pistol.png
heroes/ronin/ronin_A/anim/ronin.sprite.attack_ranged.png
heroes/ronin/ronin_A/anim/ronin.sprite.camp.png
heroes/ronin/ronin_A/anim/ronin.sprite.combat.png
heroes/ronin/ronin_A/anim/ronin.sprite.defend.png
heroes/ronin/ronin_A/anim/ronin.sprite.heroic.png
heroes/ronin/ronin_A/anim/ronin.sprite.idle.png
heroes/ronin/ronin_A/anim/ronin.sprite.investigate.png
heroes/ronin/ronin_A/anim/ronin.sprite.walk.png
campaign/town/town_event/town_event.image_ronin.png
heroes/ronin/anim/ronin.sprite.afflicted.atlas
heroes/ronin/anim/ronin.sprite.afflicted.skel
heroes/ronin/anim/ronin.sprite.attack_buff.atlas
heroes/ronin/anim/ronin.sprite.attack_buff.skel
heroes/ronin/anim/ronin.sprite.attack_charge.atlas
heroes/ronin/anim/ronin.sprite.attack_charge.skel
heroes/ronin/anim/ronin.sprite.attack_high.atlas
heroes/ronin/anim/ronin.sprite.attack_high.skel
heroes/ronin/anim/ronin.sprite.attack_leap.atlas
heroes/ronin/anim/ronin.sprite.attack_leap.skel
heroes/ronin/anim/ronin.sprite.attack_low.atlas
heroes/ronin/anim/ronin.sprite.attack_low.skel
heroes/ronin/anim/ronin.sprite.attack_pistol.atlas
heroes/ronin/anim/ronin.sprite.attack_pistol.skel
heroes/ronin/anim/ronin.sprite.attack_ranged.atlas
heroes/ronin/anim/ronin.sprite.attack_ranged.skel
heroes/ronin/anim/ronin.sprite.camp.atlas
heroes/ronin/anim/ronin.sprite.camp.skel
heroes/ronin/anim/ronin.sprite.combat.atlas
heroes/ronin/anim/ronin.sprite.combat.skel
heroes/ronin/anim/ronin.sprite.defend.atlas
heroes/ronin/anim/ronin.sprite.defend.skel
heroes/ronin/anim/ronin.sprite.heroic.atlas
heroes/ronin/anim/ronin.sprite.heroic.skel
heroes/ronin/anim/ronin.sprite.idle.atlas
heroes/ronin/anim/ronin.sprite.idle.skel
heroes/ronin/anim/ronin.sprite.investigate.atlas
heroes/ronin/anim/ronin.sprite.investigate.skel
heroes/ronin/anim/ronin.sprite.walk.atlas
heroes/ronin/anim/ronin.sprite.walk.skel
heroes/ronin/fx/ronin.sprite.adrenaline_rush.atlas
heroes/ronin/fx/ronin.sprite.adrenaline_rush.png
heroes/ronin/fx/ronin.sprite.adrenaline_rush.skel
heroes/ronin/fx/ronin.sprite.barbaric_yawp.atlas
heroes/ronin/fx/ronin.sprite.barbaric_yawp.png
heroes/ronin/fx/ronin.sprite.barbaric_yawp.skel
heroes/ronin/fx/ronin.sprite.bleed_out.atlas
heroes/ronin/fx/ronin.sprite.bleed_out.png
heroes/ronin/fx/ronin.sprite.bleed_out.skel
heroes/ronin/fx/ronin.sprite.breakthru.atlas
heroes/ronin/fx/ronin.sprite.breakthru.png
heroes/ronin/fx/ronin.sprite.breakthru.skel
heroes/ronin/fx/ronin.sprite.cudgel.atlas
heroes/ronin/fx/ronin.sprite.cudgel.png
heroes/ronin/fx/ronin.sprite.cudgel.skel
heroes/ronin/fx/ronin.sprite.duelist_advance.atlas
heroes/ronin/fx/ronin.sprite.duelist_advance.png
heroes/ronin/fx/ronin.sprite.duelist_advance.skel
heroes/ronin/fx/ronin.sprite.if_it_bleeds.atlas
heroes/ronin/fx/ronin.sprite.if_it_bleeds.png
heroes/ronin/fx/ronin.sprite.if_it_bleeds.skel
heroes/ronin/fx/ronin.sprite.iron_swan.atlas
heroes/ronin/fx/ronin.sprite.iron_swan.png
heroes/ronin/fx/ronin.sprite.iron_swan.skel
heroes/ronin/fx/ronin.sprite.opened_vein.atlas
heroes/ronin/fx/ronin.sprite.opened_vein.png
heroes/ronin/fx/ronin.sprite.opened_vein.skel
heroes/ronin/fx/ronin.sprite.purge.atlas
heroes/ronin/fx/ronin.sprite.purge.png
heroes/ronin/fx/ronin.sprite.purge.skel
heroes/ronin/fx/ronin.sprite.purge_target.atlas
heroes/ronin/fx/ronin.sprite.purge_target.png
heroes/ronin/fx/ronin.sprite.purge_target.skel
heroes/ronin/fx/ronin.sprite.tracking_shot.atlas
heroes/ronin/fx/ronin.sprite.tracking_shot.png
heroes/ronin/fx/ronin.sprite.tracking_shot.skel
heroes/ronin/fx/ronin.sprite.uppercut_slice.atlas
heroes/ronin/fx/ronin.sprite.uppercut_slice.png
heroes/ronin/fx/ronin.sprite.uppercut_slice.skel
heroes/ronin/fx/ronin.sprite.wicked_hack.atlas
heroes/ronin/fx/ronin.sprite.wicked_hack.png
heroes/ronin/fx/ronin.sprite.wicked_hack.skel
heroes/ronin/fx/ronin.sprite.withstand.atlas
heroes/ronin/fx/ronin.sprite.withstand.png
heroes/ronin/fx/ronin.sprite.withstand.skel
heroes/ronin/icons_equip/eqp_armour_0.png
heroes/ronin/icons_equip/eqp_armour_1.png
heroes/ronin/icons_equip/eqp_armour_2.png
heroes/ronin/icons_equip/eqp_armour_3.png
heroes/ronin/icons_equip/eqp_armour_4.png
heroes/ronin/icons_equip/eqp_weapon_0.png
heroes/ronin/icons_equip/eqp_weapon_1.png
heroes/ronin/icons_equip/eqp_weapon_2.png
heroes/ronin/icons_equip/eqp_weapon_3.png
heroes/ronin/icons_equip/eqp_weapon_4.png
heroes/ronin/ronin_A/ronin_portrait_roster.png
raid/camping/skill_icons/camp_skill_kendo_pratice.png
raid/camping/skill_icons/camp_skill_meditate.png
raid/camping/skill_icons/camp_skill_sharpen_blade.png
raid/camping/skill_icons/camp_skill_way_of_bushido.png
campaign/town_events/ronin.town_events.events.json
heroes/ronin/ronin.ability.five.png
heroes/ronin/ronin.ability.four.png
heroes/ronin/ronin.ability.one.png
heroes/ronin/ronin.ability.seven.png
heroes/ronin/ronin.ability.six.png
heroes/ronin/ronin.ability.three.png
heroes/ronin/ronin.ability.two.png
heroes/ronin/ronin.art.darkest
heroes/ronin/ronin.info.darkest
heroes/ronin/ronin_guild_header.png
raid/camping/ronin.camping_skills.json
shared/buffs/ronin.buffs.json
upgrades/heroes/ronin.upgrades.json
audio/Ronin.campaign.guid_overrides.json
audio/Ronin.campaign.load_order.json
credit/Ronin-Credit.txt
effects/ronin.effects.darkest
localization/1534643405_english.loc
localization/1534643405_schinese.loc
localization/missing_files.txt
localization/ronin.string_table.xml
preview_icon.png
project.xml

Submitting................................................................................................................................................Submitted.
Saving project file E:\Mods\DD_ronin\project.xml

